

Started GET "/" for 127.0.0.1 at 2013-06-12 15:33:30 +0630
Processing by Rails::WelcomeController#index as HTML
  Rendered /Users/mgpyone/.rvm/gems/ruby-2.0.0-p195/gems/railties-4.0.0.rc2/lib/rails/templates/rails/welcome/index.html.erb (1.6ms)
Completed 200 OK in 25ms (Views: 9.2ms | ActiveRecord: 0.0ms)


Started GET "/" for 127.0.0.1 at 2013-06-12 17:49:38 +0630
Processing by Rails::WelcomeController#index as HTML
  Rendered /Users/mgpyone/.rvm/gems/ruby-2.0.0-p195/gems/railties-4.0.0.rc2/lib/rails/templates/rails/welcome/index.html.erb (1.9ms)
Completed 200 OK in 24ms (Views: 8.9ms | ActiveRecord: 0.0ms)


Started GET "/" for 127.0.0.1 at 2013-06-12 17:54:32 +0630

ActiveRecord::PendingMigrationError (Migrations are pending; run 'rake db:migrate RAILS_ENV=development' to resolve this issue.):
  activerecord (4.0.0.rc2) lib/active_record/migration.rb:379:in `check_pending!'
  activerecord (4.0.0.rc2) lib/active_record/migration.rb:366:in `call'
  actionpack (4.0.0.rc2) lib/action_dispatch/middleware/callbacks.rb:29:in `block in call'
  activesupport (4.0.0.rc2) lib/active_support/callbacks.rb:373:in `_run__3734094178874236464__call__callbacks'
  activesupport (4.0.0.rc2) lib/active_support/callbacks.rb:80:in `run_callbacks'
  actionpack (4.0.0.rc2) lib/action_dispatch/middleware/callbacks.rb:27:in `call'
  actionpack (4.0.0.rc2) lib/action_dispatch/middleware/reloader.rb:64:in `call'
  actionpack (4.0.0.rc2) lib/action_dispatch/middleware/remote_ip.rb:76:in `call'
  actionpack (4.0.0.rc2) lib/action_dispatch/middleware/debug_exceptions.rb:17:in `call'
  actionpack (4.0.0.rc2) lib/action_dispatch/middleware/show_exceptions.rb:30:in `call'
  railties (4.0.0.rc2) lib/rails/rack/logger.rb:38:in `call_app'
  railties (4.0.0.rc2) lib/rails/rack/logger.rb:21:in `block in call'
  activesupport (4.0.0.rc2) lib/active_support/tagged_logging.rb:67:in `block in tagged'
  activesupport (4.0.0.rc2) lib/active_support/tagged_logging.rb:25:in `tagged'
  activesupport (4.0.0.rc2) lib/active_support/tagged_logging.rb:67:in `tagged'
  railties (4.0.0.rc2) lib/rails/rack/logger.rb:21:in `call'
  actionpack (4.0.0.rc2) lib/action_dispatch/middleware/request_id.rb:21:in `call'
  rack (1.5.2) lib/rack/methodoverride.rb:21:in `call'
  rack (1.5.2) lib/rack/runtime.rb:17:in `call'
  activesupport (4.0.0.rc2) lib/active_support/cache/strategy/local_cache.rb:83:in `call'
  rack (1.5.2) lib/rack/lock.rb:17:in `call'
  actionpack (4.0.0.rc2) lib/action_dispatch/middleware/static.rb:64:in `call'
  railties (4.0.0.rc2) lib/rails/engine.rb:511:in `call'
  railties (4.0.0.rc2) lib/rails/application.rb:97:in `call'
  rack (1.5.2) lib/rack/lock.rb:17:in `call'
  rack (1.5.2) lib/rack/content_length.rb:14:in `call'
  rack (1.5.2) lib/rack/handler/webrick.rb:60:in `service'
  /Users/mgpyone/.rvm/rubies/ruby-2.0.0-p195/lib/ruby/2.0.0/webrick/httpserver.rb:138:in `service'
  /Users/mgpyone/.rvm/rubies/ruby-2.0.0-p195/lib/ruby/2.0.0/webrick/httpserver.rb:94:in `run'
  /Users/mgpyone/.rvm/rubies/ruby-2.0.0-p195/lib/ruby/2.0.0/webrick/server.rb:295:in `block in start_thread'


  Rendered /Users/mgpyone/.rvm/gems/ruby-2.0.0-p195/gems/actionpack-4.0.0.rc2/lib/action_dispatch/middleware/templates/rescues/_source.erb (0.6ms)
  Rendered /Users/mgpyone/.rvm/gems/ruby-2.0.0-p195/gems/actionpack-4.0.0.rc2/lib/action_dispatch/middleware/templates/rescues/_trace.erb (1.0ms)
  Rendered /Users/mgpyone/.rvm/gems/ruby-2.0.0-p195/gems/actionpack-4.0.0.rc2/lib/action_dispatch/middleware/templates/rescues/_request_and_response.erb (0.8ms)
  Rendered /Users/mgpyone/.rvm/gems/ruby-2.0.0-p195/gems/actionpack-4.0.0.rc2/lib/action_dispatch/middleware/templates/rescues/diagnostics.erb within rescues/layout (19.2ms)


Started GET "/books" for 127.0.0.1 at 2013-06-12 17:54:34 +0630

ActiveRecord::PendingMigrationError (Migrations are pending; run 'rake db:migrate RAILS_ENV=development' to resolve this issue.):
  activerecord (4.0.0.rc2) lib/active_record/migration.rb:379:in `check_pending!'
  activerecord (4.0.0.rc2) lib/active_record/migration.rb:366:in `call'
  actionpack (4.0.0.rc2) lib/action_dispatch/middleware/callbacks.rb:29:in `block in call'
  activesupport (4.0.0.rc2) lib/active_support/callbacks.rb:373:in `_run__3734094178874236464__call__callbacks'
  activesupport (4.0.0.rc2) lib/active_support/callbacks.rb:80:in `run_callbacks'
  actionpack (4.0.0.rc2) lib/action_dispatch/middleware/callbacks.rb:27:in `call'
  actionpack (4.0.0.rc2) lib/action_dispatch/middleware/reloader.rb:64:in `call'
  actionpack (4.0.0.rc2) lib/action_dispatch/middleware/remote_ip.rb:76:in `call'
  actionpack (4.0.0.rc2) lib/action_dispatch/middleware/debug_exceptions.rb:17:in `call'
  actionpack (4.0.0.rc2) lib/action_dispatch/middleware/show_exceptions.rb:30:in `call'
  railties (4.0.0.rc2) lib/rails/rack/logger.rb:38:in `call_app'
  railties (4.0.0.rc2) lib/rails/rack/logger.rb:21:in `block in call'
  activesupport (4.0.0.rc2) lib/active_support/tagged_logging.rb:67:in `block in tagged'
  activesupport (4.0.0.rc2) lib/active_support/tagged_logging.rb:25:in `tagged'
  activesupport (4.0.0.rc2) lib/active_support/tagged_logging.rb:67:in `tagged'
  railties (4.0.0.rc2) lib/rails/rack/logger.rb:21:in `call'
  actionpack (4.0.0.rc2) lib/action_dispatch/middleware/request_id.rb:21:in `call'
  rack (1.5.2) lib/rack/methodoverride.rb:21:in `call'
  rack (1.5.2) lib/rack/runtime.rb:17:in `call'
  activesupport (4.0.0.rc2) lib/active_support/cache/strategy/local_cache.rb:83:in `call'
  rack (1.5.2) lib/rack/lock.rb:17:in `call'
  actionpack (4.0.0.rc2) lib/action_dispatch/middleware/static.rb:64:in `call'
  railties (4.0.0.rc2) lib/rails/engine.rb:511:in `call'
  railties (4.0.0.rc2) lib/rails/application.rb:97:in `call'
  rack (1.5.2) lib/rack/lock.rb:17:in `call'
  rack (1.5.2) lib/rack/content_length.rb:14:in `call'
  rack (1.5.2) lib/rack/handler/webrick.rb:60:in `service'
  /Users/mgpyone/.rvm/rubies/ruby-2.0.0-p195/lib/ruby/2.0.0/webrick/httpserver.rb:138:in `service'
  /Users/mgpyone/.rvm/rubies/ruby-2.0.0-p195/lib/ruby/2.0.0/webrick/httpserver.rb:94:in `run'
  /Users/mgpyone/.rvm/rubies/ruby-2.0.0-p195/lib/ruby/2.0.0/webrick/server.rb:295:in `block in start_thread'


  Rendered /Users/mgpyone/.rvm/gems/ruby-2.0.0-p195/gems/actionpack-4.0.0.rc2/lib/action_dispatch/middleware/templates/rescues/_source.erb (0.5ms)
  Rendered /Users/mgpyone/.rvm/gems/ruby-2.0.0-p195/gems/actionpack-4.0.0.rc2/lib/action_dispatch/middleware/templates/rescues/_trace.erb (1.0ms)
  Rendered /Users/mgpyone/.rvm/gems/ruby-2.0.0-p195/gems/actionpack-4.0.0.rc2/lib/action_dispatch/middleware/templates/rescues/_request_and_response.erb (0.9ms)
  Rendered /Users/mgpyone/.rvm/gems/ruby-2.0.0-p195/gems/actionpack-4.0.0.rc2/lib/action_dispatch/middleware/templates/rescues/diagnostics.erb within rescues/layout (13.9ms)
  [1m[36m (3.8ms)[0m  [1mCREATE TABLE "schema_migrations" ("version" varchar(255) NOT NULL) [0m
  [1m[35m (0.9ms)[0m  CREATE UNIQUE INDEX "unique_schema_migrations" ON "schema_migrations" ("version")
  [1m[36mActiveRecord::SchemaMigration Load (0.1ms)[0m  [1mSELECT "schema_migrations".* FROM "schema_migrations"[0m
Migrating to CreateReadings (20130612112403)
  [1m[35m (0.1ms)[0m  begin transaction
  [1m[36m (0.4ms)[0m  [1mCREATE TABLE "readings" ("id" INTEGER PRIMARY KEY AUTOINCREMENT NOT NULL, "title" varchar(255), "author" varchar(255), "progress" varchar(255), "start" date, "comment" text, "created_at" datetime, "updated_at" datetime) [0m
  [1m[35mSQL (0.1ms)[0m  INSERT INTO "schema_migrations" ("version") VALUES (?)  [["version", "20130612112403"]]
  [1m[36m (0.7ms)[0m  [1mcommit transaction[0m
  [1m[35mActiveRecord::SchemaMigration Load (0.1ms)[0m  SELECT "schema_migrations".* FROM "schema_migrations"


Started GET "/books" for 127.0.0.1 at 2013-06-12 17:55:02 +0630
  [1m[36mActiveRecord::SchemaMigration Load (0.1ms)[0m  [1mSELECT "schema_migrations".* FROM "schema_migrations"[0m

ActionController::RoutingError (No route matches [GET] "/books"):
  actionpack (4.0.0.rc2) lib/action_dispatch/middleware/debug_exceptions.rb:21:in `call'
  actionpack (4.0.0.rc2) lib/action_dispatch/middleware/show_exceptions.rb:30:in `call'
  railties (4.0.0.rc2) lib/rails/rack/logger.rb:38:in `call_app'
  railties (4.0.0.rc2) lib/rails/rack/logger.rb:21:in `block in call'
  activesupport (4.0.0.rc2) lib/active_support/tagged_logging.rb:67:in `block in tagged'
  activesupport (4.0.0.rc2) lib/active_support/tagged_logging.rb:25:in `tagged'
  activesupport (4.0.0.rc2) lib/active_support/tagged_logging.rb:67:in `tagged'
  railties (4.0.0.rc2) lib/rails/rack/logger.rb:21:in `call'
  actionpack (4.0.0.rc2) lib/action_dispatch/middleware/request_id.rb:21:in `call'
  rack (1.5.2) lib/rack/methodoverride.rb:21:in `call'
  rack (1.5.2) lib/rack/runtime.rb:17:in `call'
  activesupport (4.0.0.rc2) lib/active_support/cache/strategy/local_cache.rb:83:in `call'
  rack (1.5.2) lib/rack/lock.rb:17:in `call'
  actionpack (4.0.0.rc2) lib/action_dispatch/middleware/static.rb:64:in `call'
  railties (4.0.0.rc2) lib/rails/engine.rb:511:in `call'
  railties (4.0.0.rc2) lib/rails/application.rb:97:in `call'
  rack (1.5.2) lib/rack/lock.rb:17:in `call'
  rack (1.5.2) lib/rack/content_length.rb:14:in `call'
  rack (1.5.2) lib/rack/handler/webrick.rb:60:in `service'
  /Users/mgpyone/.rvm/rubies/ruby-2.0.0-p195/lib/ruby/2.0.0/webrick/httpserver.rb:138:in `service'
  /Users/mgpyone/.rvm/rubies/ruby-2.0.0-p195/lib/ruby/2.0.0/webrick/httpserver.rb:94:in `run'
  /Users/mgpyone/.rvm/rubies/ruby-2.0.0-p195/lib/ruby/2.0.0/webrick/server.rb:295:in `block in start_thread'


  Rendered /Users/mgpyone/.rvm/gems/ruby-2.0.0-p195/gems/actionpack-4.0.0.rc2/lib/action_dispatch/middleware/templates/rescues/_trace.erb (1.0ms)
  Rendered /Users/mgpyone/.rvm/gems/ruby-2.0.0-p195/gems/actionpack-4.0.0.rc2/lib/action_dispatch/middleware/templates/routes/_route.html.erb (1.1ms)
  Rendered /Users/mgpyone/.rvm/gems/ruby-2.0.0-p195/gems/actionpack-4.0.0.rc2/lib/action_dispatch/middleware/templates/routes/_table.html.erb (6.1ms)
  Rendered /Users/mgpyone/.rvm/gems/ruby-2.0.0-p195/gems/actionpack-4.0.0.rc2/lib/action_dispatch/middleware/templates/rescues/routing_error.erb within rescues/layout (27.6ms)


Started GET "/readings" for 127.0.0.1 at 2013-06-12 17:55:09 +0630
Processing by ReadingsController#index as HTML
  [1m[35mReading Load (0.1ms)[0m  SELECT "readings".* FROM "readings"
  Rendered readings/index.html.erb within layouts/application (2.1ms)
Completed 200 OK in 303ms (Views: 285.2ms | ActiveRecord: 0.4ms)


Started GET "/assets/readings.css?body=1" for 127.0.0.1 at 2013-06-12 17:55:09 +0630


Started GET "/assets/readings.js?body=1" for 127.0.0.1 at 2013-06-12 17:55:09 +0630


Started GET "/assets/application.css?body=1" for 127.0.0.1 at 2013-06-12 17:55:09 +0630


Started GET "/assets/jquery.js?body=1" for 127.0.0.1 at 2013-06-12 17:55:09 +0630


Started GET "/assets/jquery_ujs.js?body=1" for 127.0.0.1 at 2013-06-12 17:55:09 +0630


Started GET "/assets/turbolinks.js?body=1" for 127.0.0.1 at 2013-06-12 17:55:09 +0630


Started GET "/assets/scaffolds.css?body=1" for 127.0.0.1 at 2013-06-12 17:55:09 +0630


Started GET "/assets/application.js?body=1" for 127.0.0.1 at 2013-06-12 17:55:09 +0630


Started GET "/readings" for 127.0.0.1 at 2013-06-12 17:55:51 +0630
Processing by ReadingsController#index as HTML
  [1m[36mReading Load (0.1ms)[0m  [1mSELECT "readings".* FROM "readings"[0m
  Rendered readings/index.html.erb within layouts/application (0.8ms)
Completed 200 OK in 16ms (Views: 15.3ms | ActiveRecord: 0.1ms)


Started GET "/assets/application.css?body=1" for 127.0.0.1 at 2013-06-12 17:55:51 +0630


Started GET "/assets/scaffolds.css?body=1" for 127.0.0.1 at 2013-06-12 17:55:51 +0630


Started GET "/assets/readings.css?body=1" for 127.0.0.1 at 2013-06-12 17:55:51 +0630


Started GET "/assets/jquery_ujs.js?body=1" for 127.0.0.1 at 2013-06-12 17:55:51 +0630


Started GET "/assets/jquery.js?body=1" for 127.0.0.1 at 2013-06-12 17:55:51 +0630


Started GET "/assets/turbolinks.js?body=1" for 127.0.0.1 at 2013-06-12 17:55:51 +0630


Started GET "/assets/readings.js?body=1" for 127.0.0.1 at 2013-06-12 17:55:51 +0630


Started GET "/assets/application.js?body=1" for 127.0.0.1 at 2013-06-12 17:55:51 +0630


Started GET "/readings" for 127.0.0.1 at 2013-06-12 17:56:22 +0630
Processing by ReadingsController#index as HTML
  [1m[35mReading Load (0.2ms)[0m  SELECT "readings".* FROM "readings"
  Rendered readings/index.html.erb within layouts/application (0.7ms)
Completed 200 OK in 5ms (Views: 4.2ms | ActiveRecord: 0.2ms)


Started GET "/assets/application.css?body=1" for 127.0.0.1 at 2013-06-12 17:56:22 +0630


Started GET "/assets/readings.css?body=1" for 127.0.0.1 at 2013-06-12 17:56:22 +0630


Started GET "/assets/scaffolds.css?body=1" for 127.0.0.1 at 2013-06-12 17:56:22 +0630


Started GET "/assets/readings.js?body=1" for 127.0.0.1 at 2013-06-12 17:56:22 +0630


Started GET "/assets/application.js?body=1" for 127.0.0.1 at 2013-06-12 17:56:22 +0630


Started GET "/assets/jquery.js?body=1" for 127.0.0.1 at 2013-06-12 17:56:22 +0630


Started GET "/assets/turbolinks.js?body=1" for 127.0.0.1 at 2013-06-12 17:56:22 +0630


Started GET "/assets/jquery_ujs.js?body=1" for 127.0.0.1 at 2013-06-12 17:56:22 +0630


Started GET "/readings" for 127.0.0.1 at 2013-06-12 17:56:23 +0630
Processing by ReadingsController#index as HTML
  [1m[36mReading Load (0.1ms)[0m  [1mSELECT "readings".* FROM "readings"[0m
  Rendered readings/index.html.erb within layouts/application (0.6ms)
Completed 200 OK in 5ms (Views: 3.9ms | ActiveRecord: 0.1ms)


Started GET "/assets/application.css?body=1" for 127.0.0.1 at 2013-06-12 17:56:23 +0630


Started GET "/assets/scaffolds.css?body=1" for 127.0.0.1 at 2013-06-12 17:56:23 +0630


Started GET "/assets/turbolinks.js?body=1" for 127.0.0.1 at 2013-06-12 17:56:23 +0630


Started GET "/assets/readings.css?body=1" for 127.0.0.1 at 2013-06-12 17:56:23 +0630


Started GET "/assets/jquery.js?body=1" for 127.0.0.1 at 2013-06-12 17:56:23 +0630


Started GET "/assets/jquery_ujs.js?body=1" for 127.0.0.1 at 2013-06-12 17:56:23 +0630


Started GET "/assets/readings.js?body=1" for 127.0.0.1 at 2013-06-12 17:56:23 +0630


Started GET "/assets/application.js?body=1" for 127.0.0.1 at 2013-06-12 17:56:23 +0630


Started GET "/readings" for 127.0.0.1 at 2013-06-12 17:57:15 +0630
Processing by ReadingsController#index as HTML
  [1m[35mReading Load (0.1ms)[0m  SELECT "readings".* FROM "readings"
  Rendered readings/index.html.erb within layouts/application (0.6ms)
Completed 200 OK in 5ms (Views: 3.8ms | ActiveRecord: 0.1ms)


Started GET "/assets/scaffolds.css?body=1" for 127.0.0.1 at 2013-06-12 17:57:15 +0630


Started GET "/assets/jquery_ujs.js?body=1" for 127.0.0.1 at 2013-06-12 17:57:15 +0630


Started GET "/assets/application.css?body=1" for 127.0.0.1 at 2013-06-12 17:57:15 +0630


Started GET "/assets/readings.css?body=1" for 127.0.0.1 at 2013-06-12 17:57:15 +0630


Started GET "/assets/jquery.js?body=1" for 127.0.0.1 at 2013-06-12 17:57:15 +0630


Started GET "/assets/turbolinks.js?body=1" for 127.0.0.1 at 2013-06-12 17:57:15 +0630


Started GET "/assets/readings.js?body=1" for 127.0.0.1 at 2013-06-12 17:57:15 +0630


Started GET "/assets/application.js?body=1" for 127.0.0.1 at 2013-06-12 17:57:15 +0630


Started GET "/readings" for 127.0.0.1 at 2013-06-12 17:57:15 +0630
Processing by ReadingsController#index as HTML
  [1m[36mReading Load (0.2ms)[0m  [1mSELECT "readings".* FROM "readings"[0m
  Rendered readings/index.html.erb within layouts/application (0.9ms)
Completed 200 OK in 5ms (Views: 4.7ms | ActiveRecord: 0.2ms)


Started GET "/assets/application.css?body=1" for 127.0.0.1 at 2013-06-12 17:57:16 +0630


Started GET "/assets/scaffolds.css?body=1" for 127.0.0.1 at 2013-06-12 17:57:16 +0630


Started GET "/assets/readings.css?body=1" for 127.0.0.1 at 2013-06-12 17:57:16 +0630


Started GET "/assets/jquery_ujs.js?body=1" for 127.0.0.1 at 2013-06-12 17:57:16 +0630


Started GET "/assets/jquery.js?body=1" for 127.0.0.1 at 2013-06-12 17:57:16 +0630


Started GET "/assets/turbolinks.js?body=1" for 127.0.0.1 at 2013-06-12 17:57:16 +0630


Started GET "/assets/readings.js?body=1" for 127.0.0.1 at 2013-06-12 17:57:16 +0630


Started GET "/assets/application.js?body=1" for 127.0.0.1 at 2013-06-12 17:57:16 +0630


Started GET "/readings" for 127.0.0.1 at 2013-06-12 17:57:33 +0630
Processing by ReadingsController#index as HTML
  [1m[35mReading Load (0.1ms)[0m  SELECT "readings".* FROM "readings"
  Rendered readings/index.html.erb within layouts/application (0.6ms)
Completed 500 Internal Server Error in 10ms

ActionView::Template::Error (cannot load such file -- less
  (in /Users/mgpyone/work/rb/rails/book/app/assets/stylesheets/bootstrap_and_overrides.css.less)):
    2: <html>
    3: <head>
    4:   <title>Book</title>
    5:   <%= stylesheet_link_tag    "application", media: "all", "data-turbolinks-track" => true %>
    6:   <%= javascript_include_tag "application", "data-turbolinks-track" => true %>
    7:   <%= csrf_meta_tags %>
    8: </head>
  app/views/layouts/application.html.erb:5:in `_app_views_layouts_application_html_erb__1377658379451913768_70120301152200'


  Rendered /Users/mgpyone/.rvm/gems/ruby-2.0.0-p195/gems/actionpack-4.0.0.rc2/lib/action_dispatch/middleware/templates/rescues/_trace.erb (1.0ms)
  Rendered /Users/mgpyone/.rvm/gems/ruby-2.0.0-p195/gems/actionpack-4.0.0.rc2/lib/action_dispatch/middleware/templates/rescues/_request_and_response.erb (0.8ms)
  Rendered /Users/mgpyone/.rvm/gems/ruby-2.0.0-p195/gems/actionpack-4.0.0.rc2/lib/action_dispatch/middleware/templates/rescues/template_error.erb within rescues/layout (9.9ms)


Started GET "/readings" for 127.0.0.1 at 2013-06-12 17:58:11 +0630
Processing by ReadingsController#index as HTML
  [1m[36mReading Load (0.2ms)[0m  [1mSELECT "readings".* FROM "readings"[0m
  Rendered readings/index.html.erb within layouts/application (0.9ms)
Completed 500 Internal Server Error in 10ms

ActionView::Template::Error (cannot load such file -- less
  (in /Users/mgpyone/work/rb/rails/book/app/assets/stylesheets/bootstrap_and_overrides.css.less)):
    2: <html>
    3: <head>
    4:   <title>Book</title>
    5:   <%= stylesheet_link_tag    "application", media: "all", "data-turbolinks-track" => true %>
    6:   <%= javascript_include_tag "application", "data-turbolinks-track" => true %>
    7:   <%= csrf_meta_tags %>
    8: </head>
  app/views/layouts/application.html.erb:5:in `_app_views_layouts_application_html_erb__1377658379451913768_70120301152200'


  Rendered /Users/mgpyone/.rvm/gems/ruby-2.0.0-p195/gems/actionpack-4.0.0.rc2/lib/action_dispatch/middleware/templates/rescues/_trace.erb (1.1ms)
  Rendered /Users/mgpyone/.rvm/gems/ruby-2.0.0-p195/gems/actionpack-4.0.0.rc2/lib/action_dispatch/middleware/templates/rescues/_request_and_response.erb (1.0ms)
  Rendered /Users/mgpyone/.rvm/gems/ruby-2.0.0-p195/gems/actionpack-4.0.0.rc2/lib/action_dispatch/middleware/templates/rescues/template_error.erb within rescues/layout (10.3ms)


Started GET "/readings" for 127.0.0.1 at 2013-06-12 17:58:12 +0630
Processing by ReadingsController#index as HTML
  [1m[35mReading Load (0.1ms)[0m  SELECT "readings".* FROM "readings"
  Rendered readings/index.html.erb within layouts/application (0.8ms)
Completed 500 Internal Server Error in 10ms

ActionView::Template::Error (cannot load such file -- less
  (in /Users/mgpyone/work/rb/rails/book/app/assets/stylesheets/bootstrap_and_overrides.css.less)):
    2: <html>
    3: <head>
    4:   <title>Book</title>
    5:   <%= stylesheet_link_tag    "application", media: "all", "data-turbolinks-track" => true %>
    6:   <%= javascript_include_tag "application", "data-turbolinks-track" => true %>
    7:   <%= csrf_meta_tags %>
    8: </head>
  app/views/layouts/application.html.erb:5:in `_app_views_layouts_application_html_erb__1377658379451913768_70120301152200'


  Rendered /Users/mgpyone/.rvm/gems/ruby-2.0.0-p195/gems/actionpack-4.0.0.rc2/lib/action_dispatch/middleware/templates/rescues/_trace.erb (1.1ms)
  Rendered /Users/mgpyone/.rvm/gems/ruby-2.0.0-p195/gems/actionpack-4.0.0.rc2/lib/action_dispatch/middleware/templates/rescues/_request_and_response.erb (0.9ms)
  Rendered /Users/mgpyone/.rvm/gems/ruby-2.0.0-p195/gems/actionpack-4.0.0.rc2/lib/action_dispatch/middleware/templates/rescues/template_error.erb within rescues/layout (10.1ms)


Started GET "/readings" for 127.0.0.1 at 2013-06-12 18:07:00 +0630
  [1m[36mActiveRecord::SchemaMigration Load (0.1ms)[0m  [1mSELECT "schema_migrations".* FROM "schema_migrations"[0m
Processing by ReadingsController#index as HTML
  [1m[35mReading Load (0.1ms)[0m  SELECT "readings".* FROM "readings"
  Rendered readings/index.html.erb within layouts/application (2.6ms)
Completed 200 OK in 1040ms (Views: 1022.5ms | ActiveRecord: 0.3ms)


Started GET "/assets/bootstrap_and_overrides.css?body=1" for 127.0.0.1 at 2013-06-12 18:07:01 +0630


Started GET "/assets/application.css?body=1" for 127.0.0.1 at 2013-06-12 18:07:01 +0630


Started GET "/assets/readings.css?body=1" for 127.0.0.1 at 2013-06-12 18:07:01 +0630


Started GET "/assets/jquery.js?body=1" for 127.0.0.1 at 2013-06-12 18:07:01 +0630


Started GET "/assets/scaffolds.css?body=1" for 127.0.0.1 at 2013-06-12 18:07:01 +0630


Started GET "/assets/jquery_ujs.js?body=1" for 127.0.0.1 at 2013-06-12 18:07:01 +0630


Started GET "/assets/twitter/bootstrap/bootstrap-transition.js?body=1" for 127.0.0.1 at 2013-06-12 18:07:01 +0630


Started GET "/assets/twitter/bootstrap/bootstrap-alert.js?body=1" for 127.0.0.1 at 2013-06-12 18:07:01 +0630


Started GET "/assets/twitter/bootstrap/bootstrap-modal.js?body=1" for 127.0.0.1 at 2013-06-12 18:07:01 +0630


Started GET "/assets/twitter/bootstrap/bootstrap-dropdown.js?body=1" for 127.0.0.1 at 2013-06-12 18:07:01 +0630


Started GET "/assets/twitter/bootstrap/bootstrap-scrollspy.js?body=1" for 127.0.0.1 at 2013-06-12 18:07:01 +0630


Started GET "/assets/twitter/bootstrap/bootstrap-tab.js?body=1" for 127.0.0.1 at 2013-06-12 18:07:01 +0630


Started GET "/assets/twitter/bootstrap/bootstrap-tooltip.js?body=1" for 127.0.0.1 at 2013-06-12 18:07:01 +0630


Started GET "/assets/twitter/bootstrap/bootstrap-popover.js?body=1" for 127.0.0.1 at 2013-06-12 18:07:01 +0630


Started GET "/assets/twitter/bootstrap/bootstrap-button.js?body=1" for 127.0.0.1 at 2013-06-12 18:07:01 +0630


Started GET "/assets/twitter/bootstrap/bootstrap-collapse.js?body=1" for 127.0.0.1 at 2013-06-12 18:07:01 +0630


Started GET "/assets/twitter/bootstrap/bootstrap-carousel.js?body=1" for 127.0.0.1 at 2013-06-12 18:07:01 +0630


Started GET "/assets/twitter/bootstrap/bootstrap-typeahead.js?body=1" for 127.0.0.1 at 2013-06-12 18:07:01 +0630


Started GET "/assets/twitter/bootstrap/bootstrap-affix.js?body=1" for 127.0.0.1 at 2013-06-12 18:07:01 +0630


Started GET "/assets/twitter/bootstrap.js?body=1" for 127.0.0.1 at 2013-06-12 18:07:01 +0630


Started GET "/assets/turbolinks.js?body=1" for 127.0.0.1 at 2013-06-12 18:07:01 +0630


Started GET "/assets/bootstrap.js?body=1" for 127.0.0.1 at 2013-06-12 18:07:01 +0630


Started GET "/assets/readings.js?body=1" for 127.0.0.1 at 2013-06-12 18:07:01 +0630


Started GET "/assets/application.js?body=1" for 127.0.0.1 at 2013-06-12 18:07:01 +0630
  [1m[36m (2.4ms)[0m  [1mCREATE TABLE "schema_migrations" ("version" varchar(255) NOT NULL) [0m
  [1m[35m (1.1ms)[0m  CREATE UNIQUE INDEX "unique_schema_migrations" ON "schema_migrations" ("version")
  [1m[36mActiveRecord::SchemaMigration Load (0.1ms)[0m  [1mSELECT "schema_migrations".* FROM "schema_migrations"[0m
Migrating to CreateReadings (20130612112403)
  [1m[35m (0.1ms)[0m  begin transaction
  [1m[36m (0.3ms)[0m  [1mCREATE TABLE "readings" ("id" INTEGER PRIMARY KEY AUTOINCREMENT NOT NULL, "title" varchar(255), "author" varchar(255), "progress" varchar(255), "start" date, "comment" text, "created_at" datetime, "updated_at" datetime) [0m
  [1m[35mSQL (0.1ms)[0m  INSERT INTO "schema_migrations" ("version") VALUES (?)  [["version", "20130612112403"]]
  [1m[36m (0.7ms)[0m  [1mcommit transaction[0m
  [1m[35mActiveRecord::SchemaMigration Load (0.1ms)[0m  SELECT "schema_migrations".* FROM "schema_migrations"
  [1m[36mActiveRecord::SchemaMigration Load (0.1ms)[0m  [1mSELECT "schema_migrations".* FROM "schema_migrations"[0m
  [1m[36m (3.0ms)[0m  [1mCREATE TABLE "schema_migrations" ("version" varchar(255) NOT NULL) [0m
  [1m[35m (1.1ms)[0m  CREATE UNIQUE INDEX "unique_schema_migrations" ON "schema_migrations" ("version")
  [1m[36mActiveRecord::SchemaMigration Load (0.1ms)[0m  [1mSELECT "schema_migrations".* FROM "schema_migrations"[0m
Migrating to CreateReadings (20130612112403)
  [1m[35m (0.1ms)[0m  begin transaction
  [1m[36m (0.3ms)[0m  [1mCREATE TABLE "readings" ("id" INTEGER PRIMARY KEY AUTOINCREMENT NOT NULL, "title" varchar(255), "author" varchar(255), "progress" varchar(255), "start" date, "comment" text, "created_at" datetime, "updated_at" datetime) [0m
  [1m[35mSQL (0.1ms)[0m  INSERT INTO "schema_migrations" ("version") VALUES (?)  [["version", "20130612112403"]]
  [1m[36m (0.8ms)[0m  [1mcommit transaction[0m
  [1m[35mActiveRecord::SchemaMigration Load (0.1ms)[0m  SELECT "schema_migrations".* FROM "schema_migrations"
  [1m[36mActiveRecord::SchemaMigration Load (0.1ms)[0m  [1mSELECT "schema_migrations".* FROM "schema_migrations"[0m
  [1m[36m (2.4ms)[0m  [1mCREATE TABLE "schema_migrations" ("version" varchar(255) NOT NULL) [0m
  [1m[35m (0.9ms)[0m  CREATE UNIQUE INDEX "unique_schema_migrations" ON "schema_migrations" ("version")
  [1m[36mActiveRecord::SchemaMigration Load (0.1ms)[0m  [1mSELECT "schema_migrations".* FROM "schema_migrations"[0m
Migrating to CreateReadings (20130612112403)
  [1m[35m (0.1ms)[0m  begin transaction
  [1m[36m (0.5ms)[0m  [1mCREATE TABLE "readings" ("id" INTEGER PRIMARY KEY AUTOINCREMENT NOT NULL, "title" varchar(255), "author" varchar(255), "progress" varchar(255), "start" date, "comment" text, "created_at" datetime, "updated_at" datetime) [0m
  [1m[35mSQL (0.2ms)[0m  INSERT INTO "schema_migrations" ("version") VALUES (?)  [["version", "20130612112403"]]
  [1m[36m (0.8ms)[0m  [1mcommit transaction[0m
  [1m[35mActiveRecord::SchemaMigration Load (0.1ms)[0m  SELECT "schema_migrations".* FROM "schema_migrations"
  [1m[36mActiveRecord::SchemaMigration Load (0.1ms)[0m  [1mSELECT "schema_migrations".* FROM "schema_migrations"[0m
  [1m[36m (2.6ms)[0m  [1mCREATE TABLE "schema_migrations" ("version" varchar(255) NOT NULL) [0m
  [1m[35m (0.9ms)[0m  CREATE UNIQUE INDEX "unique_schema_migrations" ON "schema_migrations" ("version")
  [1m[36mActiveRecord::SchemaMigration Load (0.1ms)[0m  [1mSELECT "schema_migrations".* FROM "schema_migrations"[0m
Migrating to CreateReadings (20130612112403)
  [1m[35m (0.1ms)[0m  begin transaction
  [1m[36m (0.3ms)[0m  [1mCREATE TABLE "readings" ("id" INTEGER PRIMARY KEY AUTOINCREMENT NOT NULL, "title" varchar(255), "author" varchar(255), "progress" varchar(255), "start" date, "comment" text, "created_at" datetime, "updated_at" datetime) [0m
  [1m[35mSQL (0.1ms)[0m  INSERT INTO "schema_migrations" ("version") VALUES (?)  [["version", "20130612112403"]]
  [1m[36m (0.7ms)[0m  [1mcommit transaction[0m
  [1m[35mActiveRecord::SchemaMigration Load (0.1ms)[0m  SELECT "schema_migrations".* FROM "schema_migrations"
  [1m[36mActiveRecord::SchemaMigration Load (0.1ms)[0m  [1mSELECT "schema_migrations".* FROM "schema_migrations"[0m
  [1m[35m (0.1ms)[0m  begin transaction
  [1m[36mSQL (4.5ms)[0m  [1mINSERT INTO "readings" ("author", "comment", "created_at", "progress", "start", "title", "updated_at") VALUES (?, ?, ?, ?, ?, ?, ?)[0m  [["author", "Maung Hla"], ["comment", "Nice"], ["created_at", Wed, 12 Jun 2013 11:45:09 UTC +00:00], ["progress", "11%"], ["start", Tue, 01 Jan 2013], ["title", "Book1"], ["updated_at", Wed, 12 Jun 2013 11:45:09 UTC +00:00]]
  [1m[35m (0.8ms)[0m  commit transaction
  [1m[36m (0.1ms)[0m  [1mbegin transaction[0m
  [1m[35mSQL (0.2ms)[0m  INSERT INTO "readings" ("author", "comment", "created_at", "progress", "start", "title", "updated_at") VALUES (?, ?, ?, ?, ?, ?, ?)  [["author", "Maung Mya"], ["comment", "Nice"], ["created_at", Wed, 12 Jun 2013 11:45:09 UTC +00:00], ["progress", "21%"], ["start", Fri, 01 Mar 2013], ["title", "Book2"], ["updated_at", Wed, 12 Jun 2013 11:45:09 UTC +00:00]]
  [1m[36m (0.8ms)[0m  [1mcommit transaction[0m
  [1m[35m (0.0ms)[0m  begin transaction
  [1m[36mSQL (0.2ms)[0m  [1mINSERT INTO "readings" ("author", "comment", "created_at", "progress", "start", "title", "updated_at") VALUES (?, ?, ?, ?, ?, ?, ?)[0m  [["author", "Ko Oo"], ["comment", "Nice"], ["created_at", Wed, 12 Jun 2013 11:45:09 UTC +00:00], ["progress", "50%"], ["start", Thu, 03 Jan 2013], ["title", "Book3"], ["updated_at", Wed, 12 Jun 2013 11:45:09 UTC +00:00]]
  [1m[35m (0.7ms)[0m  commit transaction
  [1m[36m (0.0ms)[0m  [1mbegin transaction[0m
  [1m[35mSQL (0.2ms)[0m  INSERT INTO "readings" ("author", "comment", "created_at", "progress", "start", "title", "updated_at") VALUES (?, ?, ?, ?, ?, ?, ?)  [["author", "Ko Ko"], ["comment", "Nice"], ["created_at", Wed, 12 Jun 2013 11:45:09 UTC +00:00], ["progress", "81%"], ["start", Tue, 01 Jan 2013], ["title", "Book4"], ["updated_at", Wed, 12 Jun 2013 11:45:09 UTC +00:00]]
  [1m[36m (0.6ms)[0m  [1mcommit transaction[0m
  [1m[35m (0.0ms)[0m  begin transaction
  [1m[36mSQL (0.2ms)[0m  [1mINSERT INTO "readings" ("author", "comment", "created_at", "progress", "start", "title", "updated_at") VALUES (?, ?, ?, ?, ?, ?, ?)[0m  [["author", "Maung Htin"], ["comment", "Nice"], ["created_at", Wed, 12 Jun 2013 11:45:09 UTC +00:00], ["progress", "71%"], ["start", Tue, 01 Jan 2013], ["title", "Book5"], ["updated_at", Wed, 12 Jun 2013 11:45:09 UTC +00:00]]
  [1m[35m (0.9ms)[0m  commit transaction
  [1m[36m (2.5ms)[0m  [1mCREATE TABLE "schema_migrations" ("version" varchar(255) NOT NULL) [0m
  [1m[35m (0.9ms)[0m  CREATE UNIQUE INDEX "unique_schema_migrations" ON "schema_migrations" ("version")
  [1m[36mActiveRecord::SchemaMigration Load (0.1ms)[0m  [1mSELECT "schema_migrations".* FROM "schema_migrations"[0m
Migrating to CreateReadings (20130612112403)
  [1m[35m (0.1ms)[0m  begin transaction
  [1m[36m (0.3ms)[0m  [1mCREATE TABLE "readings" ("id" INTEGER PRIMARY KEY AUTOINCREMENT NOT NULL, "title" varchar(255), "author" varchar(255), "progress" varchar(255), "start" date, "comment" text, "created_at" datetime, "updated_at" datetime) [0m
  [1m[35mSQL (0.1ms)[0m  INSERT INTO "schema_migrations" ("version") VALUES (?)  [["version", "20130612112403"]]
  [1m[36m (0.8ms)[0m  [1mcommit transaction[0m
  [1m[35mActiveRecord::SchemaMigration Load (0.1ms)[0m  SELECT "schema_migrations".* FROM "schema_migrations"
  [1m[36mActiveRecord::SchemaMigration Load (0.1ms)[0m  [1mSELECT "schema_migrations".* FROM "schema_migrations"[0m
  [1m[35m (0.1ms)[0m  begin transaction
  [1m[36mSQL (2.4ms)[0m  [1mINSERT INTO "readings" ("author", "comment", "created_at", "progress", "start", "title", "updated_at") VALUES (?, ?, ?, ?, ?, ?, ?)[0m  [["author", "Maung Hla"], ["comment", "Nice"], ["created_at", Wed, 12 Jun 2013 11:45:24 UTC +00:00], ["progress", "11%"], ["start", Tue, 01 Jan 2013], ["title", "Book1"], ["updated_at", Wed, 12 Jun 2013 11:45:24 UTC +00:00]]
  [1m[35m (0.5ms)[0m  commit transaction
  [1m[36m (0.0ms)[0m  [1mbegin transaction[0m
  [1m[35mSQL (0.3ms)[0m  INSERT INTO "readings" ("author", "comment", "created_at", "progress", "start", "title", "updated_at") VALUES (?, ?, ?, ?, ?, ?, ?)  [["author", "Maung Mya"], ["comment", "Nice"], ["created_at", Wed, 12 Jun 2013 11:45:24 UTC +00:00], ["progress", "21%"], ["start", Fri, 01 Mar 2013], ["title", "Book2"], ["updated_at", Wed, 12 Jun 2013 11:45:24 UTC +00:00]]
  [1m[36m (0.7ms)[0m  [1mcommit transaction[0m
  [1m[35m (0.0ms)[0m  begin transaction
  [1m[36mSQL (0.2ms)[0m  [1mINSERT INTO "readings" ("author", "comment", "created_at", "progress", "start", "title", "updated_at") VALUES (?, ?, ?, ?, ?, ?, ?)[0m  [["author", "Ko Oo"], ["comment", "Nice"], ["created_at", Wed, 12 Jun 2013 11:45:24 UTC +00:00], ["progress", "50%"], ["start", Thu, 03 Jan 2013], ["title", "Book3"], ["updated_at", Wed, 12 Jun 2013 11:45:24 UTC +00:00]]
  [1m[35m (0.7ms)[0m  commit transaction
  [1m[36m (0.0ms)[0m  [1mbegin transaction[0m
  [1m[35mSQL (0.2ms)[0m  INSERT INTO "readings" ("author", "comment", "created_at", "progress", "start", "title", "updated_at") VALUES (?, ?, ?, ?, ?, ?, ?)  [["author", "Ko Ko"], ["comment", "Nice"], ["created_at", Wed, 12 Jun 2013 11:45:24 UTC +00:00], ["progress", "81%"], ["start", Tue, 01 Jan 2013], ["title", "Book4"], ["updated_at", Wed, 12 Jun 2013 11:45:24 UTC +00:00]]
  [1m[36m (0.7ms)[0m  [1mcommit transaction[0m
  [1m[35m (0.0ms)[0m  begin transaction
  [1m[36mSQL (0.2ms)[0m  [1mINSERT INTO "readings" ("author", "comment", "created_at", "progress", "start", "title", "updated_at") VALUES (?, ?, ?, ?, ?, ?, ?)[0m  [["author", "Maung Htin"], ["comment", "Nice"], ["created_at", Wed, 12 Jun 2013 11:45:24 UTC +00:00], ["progress", "71%"], ["start", Tue, 01 Jan 2013], ["title", "Book5"], ["updated_at", Wed, 12 Jun 2013 11:45:24 UTC +00:00]]
  [1m[35m (0.9ms)[0m  commit transaction


Started GET "/readings" for 127.0.0.1 at 2013-06-12 18:15:28 +0630
Processing by ReadingsController#index as HTML
  [1m[36mReading Load (0.1ms)[0m  [1mSELECT "readings".* FROM "readings"[0m
  Rendered readings/index.html.erb within layouts/application (19.4ms)
Completed 200 OK in 29ms (Views: 26.0ms | ActiveRecord: 0.6ms)


Started GET "/assets/bootstrap_and_overrides.css?body=1" for 127.0.0.1 at 2013-06-12 18:15:28 +0630


Started GET "/assets/application.css?body=1" for 127.0.0.1 at 2013-06-12 18:15:28 +0630


Started GET "/assets/readings.css?body=1" for 127.0.0.1 at 2013-06-12 18:15:28 +0630


Started GET "/assets/jquery_ujs.js?body=1" for 127.0.0.1 at 2013-06-12 18:15:28 +0630


Started GET "/assets/jquery.js?body=1" for 127.0.0.1 at 2013-06-12 18:15:28 +0630


Started GET "/assets/twitter/bootstrap/bootstrap-transition.js?body=1" for 127.0.0.1 at 2013-06-12 18:15:28 +0630


Started GET "/assets/scaffolds.css?body=1" for 127.0.0.1 at 2013-06-12 18:15:28 +0630


Started GET "/assets/twitter/bootstrap/bootstrap-alert.js?body=1" for 127.0.0.1 at 2013-06-12 18:15:28 +0630


Started GET "/assets/twitter/bootstrap/bootstrap-modal.js?body=1" for 127.0.0.1 at 2013-06-12 18:15:28 +0630


Started GET "/assets/twitter/bootstrap/bootstrap-dropdown.js?body=1" for 127.0.0.1 at 2013-06-12 18:15:28 +0630


Started GET "/assets/twitter/bootstrap/bootstrap-scrollspy.js?body=1" for 127.0.0.1 at 2013-06-12 18:15:28 +0630


Started GET "/assets/twitter/bootstrap/bootstrap-tab.js?body=1" for 127.0.0.1 at 2013-06-12 18:15:28 +0630


Started GET "/assets/twitter/bootstrap/bootstrap-tooltip.js?body=1" for 127.0.0.1 at 2013-06-12 18:15:28 +0630


Started GET "/assets/twitter/bootstrap/bootstrap-popover.js?body=1" for 127.0.0.1 at 2013-06-12 18:15:28 +0630


Started GET "/assets/twitter/bootstrap/bootstrap-button.js?body=1" for 127.0.0.1 at 2013-06-12 18:15:28 +0630


Started GET "/assets/twitter/bootstrap/bootstrap-carousel.js?body=1" for 127.0.0.1 at 2013-06-12 18:15:28 +0630


Started GET "/assets/twitter/bootstrap/bootstrap-collapse.js?body=1" for 127.0.0.1 at 2013-06-12 18:15:28 +0630


Started GET "/assets/twitter/bootstrap/bootstrap-affix.js?body=1" for 127.0.0.1 at 2013-06-12 18:15:28 +0630


Started GET "/assets/twitter/bootstrap.js?body=1" for 127.0.0.1 at 2013-06-12 18:15:28 +0630


Started GET "/assets/twitter/bootstrap/bootstrap-typeahead.js?body=1" for 127.0.0.1 at 2013-06-12 18:15:28 +0630


Started GET "/assets/bootstrap.js?body=1" for 127.0.0.1 at 2013-06-12 18:15:28 +0630


Started GET "/assets/turbolinks.js?body=1" for 127.0.0.1 at 2013-06-12 18:15:28 +0630


Started GET "/assets/readings.js?body=1" for 127.0.0.1 at 2013-06-12 18:15:28 +0630


Started GET "/assets/application.js?body=1" for 127.0.0.1 at 2013-06-12 18:15:28 +0630
